2017-12-06 10:38:20,067 :: INFO :: =======================================
2017-12-06 10:38:20,067 :: INFO ::            ACTUASIM START
2017-12-06 10:38:20,067 :: INFO :: =======================================
2017-12-06 10:38:20,135 :: ERROR :: saved_rooms.json not found
2017-12-06 10:38:20,135 :: ERROR :: Error loading saved_rooms.json... Load a default rooms template
2017-12-06 10:38:20,139 :: INFO :: Valve 1.0.2@0/4/1 = 19
2017-12-06 10:38:20,141 :: INFO :: Valve 1.0.3@0/4/2 = 19
2017-12-06 10:38:20,145 :: INFO :: Valve 2.0.2@0/4/10 = 19
2017-12-06 10:38:20,147 :: INFO :: Valve 2.0.3@0/4/11 = 19
2017-12-06 10:38:50,240 :: INFO :: Valve 1.0.3@0/4/2 = 20
2017-12-06 10:38:50,386 :: INFO :: Valve 1.0.3@0/4/2 = 21
2017-12-06 10:38:50,542 :: INFO :: Valve 1.0.3@0/4/2 = 22
2017-12-06 10:38:50,697 :: INFO :: Valve 1.0.3@0/4/2 = 23
2017-12-06 10:38:51,572 :: INFO :: Valve 1.0.3@0/4/2 = 24
2017-12-06 10:38:51,752 :: INFO :: Valve 1.0.3@0/4/2 = 25
2017-12-06 10:38:51,899 :: INFO :: Valve 1.0.3@0/4/2 = 26
2017-12-06 10:38:52,055 :: INFO :: Valve 1.0.3@0/4/2 = 27
2017-12-06 10:38:53,453 :: INFO :: Valve 1.0.3@0/4/2 = 28
2017-12-06 10:38:53,609 :: INFO :: Valve 1.0.3@0/4/2 = 29
2017-12-06 10:38:53,764 :: INFO :: Valve 1.0.3@0/4/2 = 30
2017-12-06 10:38:53,919 :: INFO :: Valve 1.0.3@0/4/2 = 31
2017-12-06 10:38:54,074 :: INFO :: Valve 1.0.3@0/4/2 = 32
2017-12-06 10:38:54,230 :: INFO :: Valve 1.0.3@0/4/2 = 33
2017-12-06 10:38:54,369 :: INFO :: Valve 1.0.3@0/4/2 = 34
2017-12-06 10:38:54,516 :: INFO :: Valve 1.0.3@0/4/2 = 35
2017-12-06 10:38:54,663 :: INFO :: Valve 1.0.3@0/4/2 = 36
2017-12-06 10:38:54,810 :: INFO :: Valve 1.0.3@0/4/2 = 37
2017-12-06 10:38:54,958 :: INFO :: Valve 1.0.3@0/4/2 = 38
2017-12-06 10:38:55,113 :: INFO :: Valve 1.0.3@0/4/2 = 39
2017-12-06 10:38:55,268 :: INFO :: Valve 1.0.3@0/4/2 = 40
2017-12-06 10:38:55,424 :: INFO :: Valve 1.0.3@0/4/2 = 41
2017-12-06 10:38:55,587 :: INFO :: Valve 1.0.3@0/4/2 = 42
2017-12-06 10:38:55,743 :: INFO :: Valve 1.0.3@0/4/2 = 43
2017-12-06 10:38:55,898 :: INFO :: Valve 1.0.3@0/4/2 = 44
2017-12-06 10:38:56,054 :: INFO :: Valve 1.0.3@0/4/2 = 45
2017-12-06 10:38:56,209 :: INFO :: Valve 1.0.3@0/4/2 = 46
2017-12-06 10:38:56,364 :: INFO :: Valve 1.0.3@0/4/2 = 47
2017-12-06 10:38:56,520 :: INFO :: Valve 1.0.3@0/4/2 = 48
2017-12-06 10:38:56,683 :: INFO :: Valve 1.0.3@0/4/2 = 49
2017-12-06 10:38:57,109 :: INFO :: Valve 1.0.3@0/4/2 = 50
2017-12-06 10:38:58,682 :: INFO :: Blind 1.0.1@1/4/2 UP
2017-12-06 10:38:59,991 :: INFO :: Blind 1.0.1@1/4/2 UP
2017-12-06 10:39:01,896 :: INFO :: Blind 1.0.1@1/4/2 DOWN
2017-12-06 10:39:02,988 :: INFO :: Blind 1.0.1@1/4/2 DOWN
2017-12-06 10:39:03,789 :: INFO :: Blind 1.0.1@1/4/2 DOWN
2017-12-06 10:39:04,975 :: INFO :: Blind 1.0.1@1/4/2 UP
2017-12-06 10:39:06,103 :: INFO :: Blind 1.0.0@1/4/1 UP
2017-12-06 10:39:11,186 :: INFO :: Blind 2.0.1@1/4/11 UP
2017-12-06 10:39:14,437 :: INFO :: Blind 2.0.0@1/4/10 DOWN
2017-12-06 10:39:14,608 :: INFO :: Blind 2.0.0@1/4/10 DOWN
2017-12-06 10:39:19,357 :: INFO :: =======================================
2017-12-06 10:39:19,357 :: INFO ::     *****   ACTUASIM STOP   *****
2017-12-06 10:39:19,357 :: INFO :: =======================================
